Logging started ...

2019-08-04 19:34:49+0545 > <LShft>fwjji u ȁv xwucd hwtjiddwa
2019-08-04 19:35:00+0545 > <Up><Up><Up><Up>
2019-08-04 19:35:06+0545 > 

Logging stopped at 2019-08-04 19:35:06+0545

Logging started ...

2019-08-04 19:37:58+0545 > ȁv u xwucd hwtjiddwa
2019-08-04 19:38:05+0545 > <Up><Up><Up><Up><Up>
2019-08-04 19:38:10+0545 > 

Logging stopped at 2019-08-04 19:38:10+0545

Logging started ...

2019-08-04 19:41:37+0545 > fwjji u ȁv ȁcyhyj oȁeȁgu<BckSp>yju
2019-08-04 19:41:45+0545 > <Up><Up><Up><Down><Up><Up><Up>
2019-08-04 19:41:50+0545 > 

Logging stopped at 2019-08-04 19:41:50+0545

Logging started ...

2019-08-04 19:55:11+0545 > <LAlt><Tab>fiq aiw܂ ewauew\ruic qieh ic ȁ <LShft>Jȁȁ<BckSp>C eiyrwe
2019-08-04 19:55:41+0545 > <LAlt><Tab><Tab><LAlt><Tab><Tab><Up><Up><Up>
2019-08-04 19:55:48+0545 > 

Logging stopped at 2019-08-04 19:55:48+0545

